<?xml version="1.0" encoding="UTF-8"?>
<!-- Generated by org.testng.reporters.JUnitReportReporter -->
<testsuite hostname="DESKTOP-BNIRTNQ" failures="0" tests="1" name="com.sauceDemo.TestPackage.TC01_VerifyLoginFunctionality" time="22.126" errors="0" timestamp="2023-01-03T21:49:40 IST" skipped="0">
  <testcase classname="com.sauceDemo.TestPackage.TC01_VerifyLoginFunctionality" name="verifyLoginFunctionality" time="22.126"/>
  <system-out/>
</testsuite> <!-- com.sauceDemo.TestPackage.TC01_VerifyLoginFunctionality -->
